<?xml version="1.0" encoding="UTF-8"?>
<testng-results ignored="0" total="1" passed="1" failed="0" skipped="0">
  <reporter-output>
  </reporter-output>
  <suite started-at="2025-05-03T07:49:48 IST" name="Default suite" finished-at="2025-05-03T07:49:57 IST" duration-ms="8528">
    <groups>
    </groups>
    <test started-at="2025-05-03T07:49:48 IST" name="Default test" finished-at="2025-05-03T07:49:57 IST" duration-ms="8528">
      <class name="Testcases.Testcase_001">
        <test-method signature="openGoogle()[pri:0, instance:Testcases.Testcase_001@2d1ef81a]" started-at="2025-05-03T07:49:48 IST" name="openGoogle" finished-at="2025-05-03T07:49:57 IST" duration-ms="8447" status="PASS">
          <reporter-output>
          </reporter-output>
        </test-method> <!-- openGoogle -->
      </class> <!-- Testcases.Testcase_001 -->
    </test> <!-- Default test -->
  </suite> <!-- Default suite -->
</testng-results>
